<?xml version="1.0" encoding="UTF-8"?>
<testng-results ignored="0" total="1" passed="1" failed="0" skipped="0">
  <reporter-output>
  </reporter-output>
  <suite started-at="2022-03-03T12:06:44 AEDT" name="com.regressiontest.InitTest" finished-at="2022-03-03T12:06:50 AEDT" duration-ms="6267">
    <groups>
    </groups>
    <test started-at="2022-03-03T12:06:44 AEDT" name="Command line test" finished-at="2022-03-03T12:06:50 AEDT" duration-ms="6267">
      <class name="com.regressiontest.InitTest">
        <test-method is-config="true" signature="goToGooglePage()[pri:0, instance:com.regressiontest.InitTest@5fcd892a]" started-at="2022-03-03T12:06:44 AEDT" name="goToGooglePage" finished-at="2022-03-03T12:06:49 AEDT" duration-ms="4988" status="PASS">
          <reporter-output>
          </reporter-output>
        </test-method> <!-- goToGooglePage -->
        <test-method signature="testPageTitle()[pri:0, instance:com.regressiontest.InitTest@5fcd892a]" started-at="2022-03-03T12:06:49 AEDT" name="testPageTitle" finished-at="2022-03-03T12:06:49 AEDT" duration-ms="13" status="PASS">
          <reporter-output>
          </reporter-output>
        </test-method> <!-- testPageTitle -->
        <test-method is-config="true" signature="closeAllBrowsers()[pri:0, instance:com.regressiontest.InitTest@5fcd892a]" started-at="2022-03-03T12:06:49 AEDT" name="closeAllBrowsers" finished-at="2022-03-03T12:06:50 AEDT" duration-ms="1252" status="PASS">
          <reporter-output>
          </reporter-output>
        </test-method> <!-- closeAllBrowsers -->
      </class> <!-- com.regressiontest.InitTest -->
    </test> <!-- Command line test -->
  </suite> <!-- com.regressiontest.InitTest -->
</testng-results>
